c:\git\ultrasound\sdk\aliyun-oss-c-sdk-3.5.0\oss_c_sdk\oss_c_sdk\debug\oss_c_sdk.pdb
c:\git\ultrasound\sdk\aliyun-oss-c-sdk-3.5.0\oss_c_sdk\oss_c_sdk\debug\oss_c_sdk.idb
c:\git\ultrasound\sdk\aliyun-oss-c-sdk-3.5.0\oss_c_sdk\oss_c_sdk\debug\aos_buf.obj
c:\git\ultrasound\sdk\aliyun-oss-c-sdk-3.5.0\oss_c_sdk\oss_c_sdk\debug\aos_crc64.obj
c:\git\ultrasound\sdk\aliyun-oss-c-sdk-3.5.0\oss_c_sdk\oss_c_sdk\debug\aos_fstack.obj
c:\git\ultrasound\sdk\aliyun-oss-c-sdk-3.5.0\oss_c_sdk\oss_c_sdk\debug\aos_http_io.obj
c:\git\ultrasound\sdk\aliyun-oss-c-sdk-3.5.0\oss_c_sdk\oss_c_sdk\debug\aos_log.obj
c:\git\ultrasound\sdk\aliyun-oss-c-sdk-3.5.0\oss_c_sdk\oss_c_sdk\debug\aos_string.obj
c:\git\ultrasound\sdk\aliyun-oss-c-sdk-3.5.0\oss_c_sdk\oss_c_sdk\debug\oss_define.obj
c:\git\ultrasound\sdk\aliyun-oss-c-sdk-3.5.0\oss_c_sdk\oss_c_sdk\debug\aos_status.obj
c:\git\ultrasound\sdk\aliyun-oss-c-sdk-3.5.0\oss_c_sdk\oss_c_sdk\debug\aos_transport.obj
c:\git\ultrasound\sdk\aliyun-oss-c-sdk-3.5.0\oss_c_sdk\oss_c_sdk\debug\aos_util.obj
c:\git\ultrasound\sdk\aliyun-oss-c-sdk-3.5.0\oss_c_sdk\oss_c_sdk\debug\oss_auth.obj
c:\git\ultrasound\sdk\aliyun-oss-c-sdk-3.5.0\oss_c_sdk\oss_c_sdk\debug\oss_bucket.obj
c:\git\ultrasound\sdk\aliyun-oss-c-sdk-3.5.0\oss_c_sdk\oss_c_sdk\debug\oss_live.obj
c:\git\ultrasound\sdk\aliyun-oss-c-sdk-3.5.0\oss_c_sdk\oss_c_sdk\debug\oss_multipart.obj
c:\git\ultrasound\sdk\aliyun-oss-c-sdk-3.5.0\oss_c_sdk\oss_c_sdk\debug\oss_object.obj
c:\git\ultrasound\sdk\aliyun-oss-c-sdk-3.5.0\oss_c_sdk\oss_c_sdk\debug\oss_resumable.obj
c:\git\ultrasound\sdk\aliyun-oss-c-sdk-3.5.0\oss_c_sdk\oss_c_sdk\debug\oss_util.obj
c:\git\ultrasound\sdk\aliyun-oss-c-sdk-3.5.0\oss_c_sdk\oss_c_sdk\debug\oss_xml.obj
c:\git\ultrasound\sdk\aliyun-oss-c-sdk-3.5.0\oss_c_sdk\debug\oss_c_sdk.lib
c:\git\ultrasound\sdk\aliyun-oss-c-sdk-3.5.0\oss_c_sdk\debug\oss_c_sdk.pdb
c:\git\ultrasound\sdk\aliyun-oss-c-sdk-3.5.0\oss_c_sdk\oss_c_sdk\debug\oss_c_sdk.tlog\cl.command.1.tlog
c:\git\ultrasound\sdk\aliyun-oss-c-sdk-3.5.0\oss_c_sdk\oss_c_sdk\debug\oss_c_sdk.tlog\cl.read.1.tlog
c:\git\ultrasound\sdk\aliyun-oss-c-sdk-3.5.0\oss_c_sdk\oss_c_sdk\debug\oss_c_sdk.tlog\cl.write.1.tlog
c:\git\ultrasound\sdk\aliyun-oss-c-sdk-3.5.0\oss_c_sdk\oss_c_sdk\debug\oss_c_sdk.tlog\lib-link.read.1.tlog
c:\git\ultrasound\sdk\aliyun-oss-c-sdk-3.5.0\oss_c_sdk\oss_c_sdk\debug\oss_c_sdk.tlog\lib-link.write.1.tlog
c:\git\ultrasound\sdk\aliyun-oss-c-sdk-3.5.0\oss_c_sdk\oss_c_sdk\debug\oss_c_sdk.tlog\lib.command.1.tlog
